 INFO: ctg_interp_server starting:8181:29955
FORBIDDEN: Method not supported:21519,192.30769230769232,189.873417721519,194.80519480519482,200,200,202.70270270270271,197.36842105263159,189.873417721519,185.18518518518519,187.5,194.80519480519482,202.70270270270271,200,202.70270270270271,194.80519480519482,189.873417721519,182.92682926829266,180.72289156626505,182.92682926829266,194.80519480519482,197.36842105263159,197.36842105263159,194.80519480519482,187.5,176.47058823529412,172.41379310344828,172.41379310344828,180.72289156626505,189.873417721519,200,202.70270270270271,200,192.30769230769232,176.47058823529412,166.66666666666669,166.66666666666669,172.41379310344828,178.57142857142856,180.72289156626505,182.92682926829266,187.5,185.18518518518519,180.72289156626505,176.47058823529412,174.41860465116281,174.41860465116281,176.47058823529412,182.92682926829266,189.873417721519,187.5,189.873417721519,187.5,180.72289156626505,180.72289156626505,178.57142857142856,187.5,187.5,189.873417721519,187.5,182.92682926829266,178.57142857142856,176.47058823529412,176.47058823529412,178.57142857142856,178.57142857142856,180.72289156626505,178.57142857142856,180.72289156626505,178.57142857142856,176.47058823529412,174.41860465116281,174.41860465116281,172.41379310344828,180.72289156626505,182.92682926829266,174.41860465116281,170.45454545454547,166.66666666666669,163.04347826086956,168.53932584269663,170.45454545454547,178.57142857142856,185.18518518518519,187.5,192.30769230769232,189.873417721519,182.92682926829266,178.57142857142856,176.47058823529412,176.47058823529412,174.41860465116281,172.41379310344828,172.41379310344828,172.41379310344828,178.57142857142856,187.5,194.80519480519482,197.36842105263159,194.80519480519482,189.873417721519,187.5,182.92682926829266,182.92682926829266,182.92682926829266,187.5,187.5,176.47058823529412,176.47058823529412,170.45454545454547,172.41379310344828,174.41860465116281,178.57142857142856,189.873417721519,197.36842105263159,194.80519480519482,187.5,172.41379310344828,168.53932584269663,166.66666666666669,166.66666666666669,170.45454545454547,174.41860465116281,174.41860465116281,176.47058823529412,174.41860465116281,168.53932584269663,168.53932584269663,170.45454545454547,172.41379310344828,174.41860465116281,178.57142857142856,176.47058823529412,178.57142857142856,185.18518518518519,187.5,189.873417721519,182.92682926829266,176.47058823529412,174.41860465116281,172.41379310344828,174.41860465116281,178.57142857142856,180.72289156626505,185.18518518518519,182.92682926829266,180.72289156626505,176.47058823529412,172.41379310344828,168.53932584269663,172.41379310344828,178.57142857142856,180.72289156626505,185.18518518518519,180.72289156626505,172.41379310344828,163.04347826086956,159.57446808510639,161.29032258064515,163.04347826086956,176.47058823529412,178.57142857142856,185.18518518518519,180.72289156626505,172.41379310344828,166.66666666666669,163.04347826086956,166.66666666666669,170.45454545454547,178.57142857142856,189.873417721519,178.57142857142856,166.66666666666669,159.57446808510639,157.89473684210526,161.29032258064515,163.04347826086956,174.41860465116281,189.873417721519,200,197.36842105263159,178.57142857142856,168.53932584269663,157.89473684210526,156.25,161.29032258064515,166.66666666666669,174.41860465116281,180.72289156626505,176.47058823529412,180.72289156626505,176.47058823529412,172.41379310344828,170.45454545454547,172.41379310344828,170.45454545454547,166.66666666666669,161.29032258064515,163.04347826086956,163.04347826086956,170.45454545454547,176.47058823529412,178.57142857142856,176.47058823529412,168.53932584269663,164.83516483516485,166.66666666666669,166.66666666666669,172.41379310344828,176.47058823529412,185.18518518518519,180.72289156626505,174.41860465116281,166.66666666666669,164.83516483516485,166.66666666666669,172.41379310344828,176.47058823529412,187.5,192.30769230769232,185.18518518518519,178.57142857142856,170.45454545454547,164.83516483516485,163.04347826086956,168.53932584269663,180.72289156626505,192.30769230769232,200,197.36842105263159,192.30769230769232,189.873417721519,185.18518518518519,182.92682926829266,176.47058823529412,180.72289156626505,185.18518518518519,189.873417721519,192.30769230769232,192.30769230769232,189.873417721519,187.5,176.47058823529412,176.47058823529412,178.57142857142856,176.47058823529412,182.92682926829266,185.18518518518519,187.5,185.18518518518519,178.57142857142856,178.57142857142856,178.57142857142856,187.5,189.873417721519,194.80519480519482,192.30769230769232,192.30769230769232,192.30769230769232,189.873417721519,194.80519480519482,189.873417721519,192.30769230769232,192.30769230769232,192.30769230769232,197.36842105263159,197.36842105263159,189.873417721519,182.92682926829266,192.30769230769232,194.80519480519482,202.70270270270271,202.70270270270271,202.70270270270271,189.873417721519,187.5,180.72289156626505,172.41379310344828,172.41379310344828,172.41379310344828,176.47058823529412,185.18518518518519,187.5,189.873417721519,189.873417721519,192.30769230769232,189.873417721519,189.873417721519,187.5,176.47058823529412,172.41379310344828,166.66666666666669,168.53932584269663,168.53932584269663,174.41860465116281,178.57142857142856,178.57142857142856,178.57142857142856,176.47058823529412,176.47058823529412,185.18518518518519,192.30769230769232,192.30769230769232,197.36842105263159,192.30769230769232,189.873417721519,182.92682926829266,168.53932584269663,172.41379310344828,178.57142857142856,189.873417721519,200,202.70270270270271,197.36842105263159,197.36842105263159,189.873417721519,189.873417721519,187.5,187.5,194.80519480519482,192.30769230769232,194.80519480519482,187.5,185.18518518518519,185.18518518518519,185.18518518518519,182.92682926829266,178.57142857142856,174.41860465116281,176.47058823529412,178.57142857142856,182.92682926829266,189.873417721519,189.873417721519,189.873417721519,187.5,182.92682926829266,178.57142857142856,182.92682926829266,182.92682926829266,189.873417721519,192.30769230769232,197.36842105263159,194.80519480519482,189.873417721519,185.18518518518519,185.18518518518519,185.18518518518519,192.30769230769232,200,211.26760563380284,208.33333333333334,205.47945205479454,197.36842105263159,189.873417721519,185.18518518518519,189.873417721519,194.80519480519482,205.47945205479454,205.47945205479454,208.33333333333334,202.70270270270271,189.873417721519,180.72289156626505,189.873417721519,200,214.28571428571428,208.33333333333334,211.26760563380284,205.47945205479454,194.80519480519482,180.72289156626505,166.66666666666669,166.66666666666669,180.72289156626505,197.36842105263159,205.47945205479454,202.70270270270271,200,194.80519480519482,182.92682926829266,176.47058823529412,178.57142857142856,178.57142857142856,176.47058823529412,180.72289156626505,182.92682926829266,182.92682926829266,185.18518518518519,189.873417721519,189.873417721519,194.80519480519482,197.36842105263159,189.873417721519,180.72289156626505,178.57142857142856,180.72289156626505,189.873417721519,197.36842105263159,197.36842105263159,200,192.30769230769232,187.5,182.92682926829266,185.18518518518519,189.873417721519,202.70270270270271,200,202.70270270270271,200,194.80519480519482,182.92682926829266,178.57142857142856,182.92682926829266,192.30769230769232,197.36842105263159,205.47945205479454,208.33333333333334,202.70270270270271,192.30769230769232,178.57142857142856,168.53932584269663,170.45454545454547,172.41379310344828,178.57142857142856,180.72289156626505,182.92682926829266,185.18518518518519,185.18518518518519,176.47058823529412,174.41860465116281,170.45454545454547,170.45454545454547,172.41379310344828,180.72289156626505,182.92682926829266,185.18518518518519,182.92682926829266,180.72289156626505,176.47058823529412,176.47058823529412,178.57142857142856,182.92682926829266,185.18518518518519,189.873417721519,182.92682926829266,182.92682926829266,178.57142857142856,178.57142857142856,178.57142857142856,182.92682926829266,185.18518518518519,185.18518518518519,182.92682926829266,187.5,185.18518518518519,185.18518518518519,185.18518518518519,182.92682926829266,185.18518518518519,192.30769230769232,192.30769230769232,180.72289156626505,176.47058823529412,176.47058823529412,170.45454545454547,174.41860465116281,176.47058823529412,185.18518518518519,189.873417721519,192.30769230769232,192.30769230769232,189.873417721519,178.57142857142856,174.41860465116281,174.41860465116281,172.41379310344828,170.45454545454547,168.53932584269663,166.66666666666669,168.53932584269663,174.41860465116281,185.18518518518519,189.873417721519,189.873417721519,187.5,187.5,182.92682926829266,178.57142857142856,178.57142857142856,180.72289156626505,187.5,180.72289156626505,174.41860465116281,176.47058823529412,172.41379310344828,174.41860465116281,174.41860465116281,182.92682926829266,192.30769230769232,200,200,189.873417721519,174.41860465116281,174.41860465116281,172.41379310344828,174.41860465116281,178.57142857142856,178.57142857142856,182.92682926829266,182.92682926829266,178.57142857142856,176.47058823529412,172.41379310344828,176.47058823529412,178.57142857142856,178.57142857142856,178.57142857142856,178.57142857142856,178.57142857142856,180.72289156626505,185.18518518518519,182.92682926829266,176.47058823529412,172.41379310344828,166.66666666666669,166.66666666666669,168.53932584269663,170.45454545454547,174.41860465116281,176.47058823529412,176.47058823529412,176.47058823529412,172.41379310344828,166.66666666666669,168.53932584269663,172.41379310344828,178.57142857142856,182.92682926829266,185.18518518518519,182.92682926829266,174.41860465116281,166.66666666666669,164.83516483516485,166.66666666666669,174.41860465116281,182.92682926829266,185.18518518518519,189.873417721519,182.92682926829266,176.47058823529412,172.41379310344828,168.53932584269663,168.53932584269663,174.41860465116281,189.873417721519,189.873417721519,178.57142857142856,166.66666666666669,159.57446808510639,159.57446808510639,159.57446808510639,164.83516483516485,178.57142857142856,187.5,197.36842105263159,189.873417721519,172.41379310344828,159.57446808510639,153.0612244897959,157.89473684210526,161.29032258064515,166.66666666666669,176.47058823529412,180.72289156626505,178.57142857142856,180.72289156626505,178.57142857142856,174.41860465116281,174.41860465116281,176.47058823529412,176.47058823529412,172.41379310344828,172.41379310344828,170.45454545454547,170.45454545454547,178.57142857142856,185.18518518518519,189.873417721519,180.72289156626505,176.47058823529412,172.41379310344828,172.41379310344828,176.47058823529412,178.57142857142856,185.18518518518519,187.5,187.5,176.47058823529412,172.41379310344828,168.53932584269663,168.53932584269663,172.41379310344828,180.72289156626505,187.5,187.5,185.18518518518519,174.41860465116281,166.66666666666669,159.57446808510639,159.57446808510639,164.83516483516485,178.57142857142856,192.30769230769232,192.30769230769232,189.873417721519,187.5,185.18518518518519,180.72289156626505,178.57142857142856,176.47058823529412,180.72289156626505,182.92682926829266,189.873417721519,192.30769230769232,194.80519480519482,192.30769230769232,185.18518518518519,180.72289156626505,176.47058823529412,178.57142857142856,178.57142857142856,182.92682926829266,185.18518518518519,185.18518518518519,178.57142857142856,174.41860465116281,170.45454545454547,174.41860465116281,178.57142857142856,185.18518518518519,182.92682926829266,185.18518518518519,178.57142857142856,178.57142857142856,178.57142857142856,180.72289156626505,176.47058823529412,180.72289156626505,180.72289156626505,178.57142857142856,185.18518518518519,182.92682926829266,174.41860465116281,172.41379310344828,178.57142857142856,187.5,189.873417721519,192.30769230769232,189.873417721519,187.5,180.72289156626505,172.41379310344828,168.53932584269663,170.45454545454547,170.45454545454547,178.57142857142856,187.5,189.873417721519,192.30769230769232,194.80519480519482,197.36842105263159,200,197.36842105263159,192.30769230769232,187.5,176.47058823529412,176.47058823529412,178.57142857142856,178.57142857142856,185.18518518518519,187.5,187.5,187.5,182.92682926829266,180.72289156626505,189.873417721519,192.30769230769232,197.36842105263159,192.30769230769232,189.873417721519,185.18518518518519,172.41379310344828,166.66666666666669,163.04347826086956,176.47058823529412,192.30769230769232,194.80519480519482,197.36842105263159,192.30769230769232,194.80519480519482,189.873417721519,187.5,187.5,189.873417721519,197.36842105263159,197.36842105263159,197.36842105263159,194.80519480519482,192.30769230769232,192.30769230769232,189.873417721519,192.30769230769232,187.5,182.92682926829266,185.18518518518519,189.873417721519,194.80519480519482,200,200,200,194.80519480519482,187.5,187.5,185.18518518518519,189.873417721519,192.30769230769232]}
 INFO: SEND::1
 INFO: Header:HTTP/1.1 200 OK
Server: ctg_interp_server/1.0
Content-Length: 44975
Connection: close
Content-Type: image/png

:1
 INFO: ctg_interp_server starting:8181:29963
 INFO: SEND:àåÿÿÿ:1
 INFO: Header:HTTP/1.1 200 OK
Server: ctg_interp_server/1.0
Content-Length: 72012
Connection: close
Content-Type: image/png

:1
 INFO: ctg_interp_server starting:8181:29996
 INFO: SEND:àåÿÿÿ:1
 INFO: Header:HTTP/1.1 200 OK
Server: ctg_interp_server/1.0
Content-Length: 106284
Connection: close
Content-Type: image/png

:1
 INFO: ctg_interp_server starting:8181:30127
 INFO: SEND:àåÿÿÿ:1
 INFO: Header:HTTP/1.1 200 OK
Server: ctg_interp_server/1.0
Content-Length: 106284
Connection: close
Content-Type: image/png

:1
 INFO: ctg_interp_server starting:8181:30540
 INFO: ctg_interp_server starting:8181:30812
 INFO: ctg_interp_server starting:8181:30823
 INFO: SEND:àåÿÿÿ:1
 INFO: Header:HTTP/1.1 200 OK
Server: ctg_interp_server/1.0
Content-Length: 106284
Connection: close
Content-Type: image/png

:1
 INFO: ctg_interp_server starting:8181:30847
 INFO: SEND: ]ÿ:1
 INFO: Header:HTTP/1.1 200 OK
Server: ctg_interp_server/1.0
Content-Length: 51727
Connection: close
Content-Type: image/png

:1
 INFO: ctg_interp_server starting:8181:30857
 INFO: SEND:Ð4À>ý:1
 INFO: Header:HTTP/1.1 200 OK
Server: ctg_interp_server/1.0
Content-Length: 44975
Connection: close
Content-Type: image/png

:1
 INFO: ctg_interp_server starting:8181:30888
 INFO: SEND:Àyñü:1
 INFO: Header:HTTP/1.1 200 OK
Server: ctg_interp_server/1.0
Content-Length: 106284
Connection: close
Content-Type: image/png

:1
 INFO: ctg_interp_server starting:8181:30926
 INFO: ctg_interp_server starting:8181:30934
ERROR: system call:bind Errno=98 exiting pid=30934
 INFO: ctg_interp_server starting:8181:30941
 INFO: SEND:pÍ	@ý:1
 INFO: Header:HTTP/1.1 200 OK
Server: ctg_interp_server/1.0
Content-Length: 106284
Connection: close
Content-Type: image/png

:1
 INFO: SEND:pÍ	@ý:2
 INFO: Header:HTTP/1.1 200 OK
Server: ctg_interp_server/1.0
Content-Length: 106284
Connection: close
Content-Type: image/png

:2
 INFO: SEND:pÍ	@ý:3
 INFO: Header:HTTP/1.1 200 OK
Server: ctg_interp_server/1.0
Content-Length: 106284
Connection: close
Content-Type: image/png

:3
 INFO: SEND:pÍ	@ý:4
 INFO: Header:HTTP/1.1 200 OK
Server: ctg_interp_server/1.0
Content-Length: 58574
Connection: close
Content-Type: image/png

:4
 INFO: SEND:pÍ	@ý:5
 INFO: Header:HTTP/1.1 200 OK
Server: ctg_interp_server/1.0
Content-Length: 160316
Connection: close
Content-Type: image/png

:5
 INFO: SEND:pÍ	@ý:6
 INFO: Header:HTTP/1.1 200 OK
Server: ctg_interp_server/1.0
Content-Length: 122640
Connection: close
Content-Type: image/png

:6
 INFO: SEND:pÍ	@ý:7
 INFO: Header:HTTP/1.1 200 OK
Server: ctg_interp_server/1.0
Content-Length: 75889
Connection: close
Content-Type: image/png

:7
 INFO: SEND:pÍ	@ý:8
 INFO: Header:HTTP/1.1 200 OK
Server: ctg_interp_server/1.0
Content-Length: 236
Connection: close
Content-Type: text/html

:8
 INFO: SEND:pÍ	@ý:9
 INFO: Header:HTTP/1.1 200 OK
Server: ctg_interp_server/1.0
Content-Length: 15827
Connection: close
Content-Type: image/png

:9
NOT FOUND: Wrong request:/favicon.ico
NOT FOUND: Wrong request:/favicon.ico
